2017-05-17 15:32:02,270 - os.name - Windows 10
2017-05-17 15:32:02,271 - os.arch - amd64
2017-05-17 15:32:02,271 - os.version - 10.0
2017-05-17 15:32:02,271 - java.version - 1.8.0_77
2017-05-17 15:32:02,271 - java.vendor - Oracle Corporation
2017-05-17 15:32:02,272 - java.vendor.url - http://java.oracle.com/
2017-05-17 15:32:02,272 - java.home - C:\Program Files\Java\jre1.8.0_77
2017-05-17 15:32:02,272 - java.vm.specification.name - Java Virtual Machine Specification
2017-05-17 15:32:02,272 - java.vm.specification.vendor - Oracle Corporation
2017-05-17 15:32:02,272 - java.vm.specification.version - 1.8
2017-05-17 15:32:02,283 - java.class.path - D:\eclipse-jee-mars-2-win32-x86_64\eclipse\\plugins/org.eclipse.equinox.launcher_1.3.100.v20150511-1540.jar
2017-05-17 15:32:02,283 - java.library.path - D:\eclipse-jee-mars-2-win32-x86_64\eclipse;C:\WINDOWS\Sun\Java\bin;C:\WINDOWS\system32;C:\WINDOWS;C:/Program Files/Java/jre1.8.0_77/bin/server;C:/Program Files/Java/jre1.8.0_77/bin;C:/Program Files/Java/jre1.8.0_77/lib/amd64;C:\Program Files\Java\jdk1.8.0_77bin;D:\android-sdks\tools;D:\android-sdks\platform-tools;D:\android-sdks\build-tools;D:\Android\apache-ant-1.9.7-bin\apache-ant-1.9.7\bin;C:\ProgramData\Oracle\Java\javapath;C:\Program Files (x86)\Intel\iCLS Client\;C:\Program Files\Intel\iCLS Client\;C:\WINDOWS\system32;C:\WINDOWS;C:\WINDOWS\System32\Wbem;C:\WINDOWS\System32\WindowsPowerShell\v1.0\;C:\Program Files\Intel\Intel(R) Management Engine Components\DAL;C:\Program Files (x86)\Intel\Intel(R) Management Engine Components\DAL;C:\Program Files\Intel\Intel(R) Management Engine Components\IPT;C:\Program Files (x86)\Intel\Intel(R) Management Engine Components\IPT;C:\Program Files\Intel\WiFi\bin\;C:\Program Files\Common Files\Intel\WirelessCommon\;C:\Program Files\nodejs\;C:\Program Files\Git\cmd;C:\Program Files\MongoDB\Server\3.2\bin;C:\Program Files\Java\jdk1.8.0_77\bin;C:\Program Files\Microsoft\Web Platform Installer\;C:\WINDOWS\system32\config\systemprofile\.dnx\bin;C:\Program Files\Microsoft DNX\Dnvm\;C:\Program Files\Microsoft SQL Server\120\Tools\Binn\;C:\Program Files\Microsoft SQL Server\130\Tools\Binn\;C:\Users\HYEYOON\AppData\Roaming\npm;%USERPROFILE%\AppData\Local\Microsoft\WindowsApps;;D:\eclipse-jee-mars-2-win32-x86_64\eclipse;;.
2017-05-17 15:32:02,283 - --------------------------------------
2017-05-17 15:32:02,283 - ## Eclipse Plug-ins Log Information ##
2017-05-17 15:32:02,283 - --------------------------------------
2017-05-17 15:32:02,366 - javax.el - 2.2.0.v201303151357
2017-05-17 15:32:02,369 - javax.servlet - 3.1.0.v201410161800
2017-05-17 15:32:02,371 - javax.servlet.jsp - 2.2.0.v201112011158
2017-05-17 15:32:02,373 - com.sun.el - 2.2.0.v201303151357
2017-05-17 15:32:02,375 - org.apache.commons.logging - 1.1.1.v201101211721
2017-05-17 15:32:02,378 - org.apache.jasper.glassfish - 2.2.2.v201501141630
2017-05-17 15:32:02,382 - org.apache.lucene.analysis - 3.5.0.v20120725-1805
2017-05-17 15:32:02,384 - org.apache.lucene.core - 3.5.0.v20120725-1805
2017-05-17 15:32:02,386 - org.eclipse.equinox.http.jetty - 3.1.2.v20160115-1350
2017-05-17 15:32:02,389 - org.eclipse.equinox.http.registry - 1.1.300.v20130402-1529
2017-05-17 15:32:02,391 - org.eclipse.equinox.http.servlet - 1.2.2.v20160202-2102
2017-05-17 15:32:02,393 - org.eclipse.equinox.jsp.jasper - 1.0.500.v20150119-1358
2017-05-17 15:32:02,395 - org.eclipse.equinox.jsp.jasper.registry - 1.0.300.v20130327-1442
2017-05-17 15:32:02,406 - org.eclipse.help.base - 4.0.301.v20160212-1500
2017-05-17 15:32:02,409 - org.eclipse.help.ui - 4.0.100.v20140401-0608
2017-05-17 15:32:02,414 - org.eclipse.help.webapp - 3.7.0.v20150425-0643
2017-05-17 15:32:02,416 - org.eclipse.jetty.continuation - 9.2.13.v20150730
2017-05-17 15:32:02,419 - org.eclipse.jetty.http - 9.2.13.v20150730
2017-05-17 15:32:02,421 - org.eclipse.jetty.io - 9.2.13.v20150730
2017-05-17 15:32:02,424 - org.eclipse.jetty.security - 9.2.13.v20150730
2017-05-17 15:32:02,543 - org.eclipse.jetty.server - 9.2.13.v20150730
2017-05-17 15:32:02,549 - org.eclipse.jetty.servlet - 9.2.13.v20150730
2017-05-17 15:32:02,584 - org.eclipse.jetty.util - 9.2.13.v20150730
2017-05-17 15:32:02,589 - org.eclipse.core.net - 1.2.300.v20141118-1725
2017-05-17 15:32:02,591 - org.eclipse.equinox.security - 1.2.100.v20150423-1356
2017-05-17 15:32:02,858 - org.eclipse.mylyn.bugzilla.core - 3.18.0.v20151009-2340
2017-05-17 15:32:02,859 - org.eclipse.mylyn.bugzilla.ui - 3.18.0.v20151009-2340
2017-05-17 15:32:03,019 - org.eclipse.andmore.hierarchyviewer - 0.5.0.201605181018
2017-05-17 15:32:03,072 - org.eclipse.sequoyah.device.backward - 2.1.0.N20120718-0509
2017-05-17 15:32:03,156 - org.eclipse.sequoyah.device.framework - 2.1.0.N20120718-0509
2017-05-17 15:32:03,170 - org.eclipse.sequoyah.device.framework.ui - 2.1.0.N20120718-0509
2017-05-17 15:32:03,180 - org.eclipse.sequoyah.device.service.start - 2.1.0.N20120718-0509
2017-05-17 15:32:03,186 - org.eclipse.sequoyah.device.service.stop - 2.1.0.N20120718-0509
2017-05-17 15:32:03,188 - org.eclipse.sequoyah.device.framework.wizard - 2.1.0.N20120718-0509
2017-05-17 15:32:03,217 - org.eclipse.mylyn.tasks.core - 3.18.0.v20151202-0115
2017-05-17 15:32:03,219 - org.eclipse.mylyn.tasks.index.core - 3.18.0.v20151012-1647
2017-05-17 15:32:03,221 - org.eclipse.mylyn.tasks.index.ui - 3.18.0.v20151009-2340
2017-05-17 15:32:03,224 - org.eclipse.mylyn.tasks.search - 3.18.0.v20151009-2340
2017-05-17 15:32:03,228 - org.eclipse.mylyn.tasks.ui - 3.18.0.v20151211-2235
2017-05-17 15:32:03,236 - org.eclipse.jpt.dbws.eclipselink.ui - 1.1.101.v201501152048
2017-05-17 15:32:03,238 - org.eclipse.jpt.dbws.eclipselink.core.gen - 1.1.100.v201308132122
2017-05-17 15:32:03,241 - javax.wsdl - 1.6.2.v201012040545
2017-05-17 15:32:03,243 - org.eclipse.persistence.dbws - 2.6.0.v20140809-296a69f
2017-05-17 15:32:03,245 - org.eclipse.persistence.dbws.builder - 2.6.0.v20140809-296a69f
2017-05-17 15:32:03,598 - org.eclipse.jpt.dbws.eclipselink.branding - 1.2.100.v201309202144
2017-05-17 15:32:03,720 - org.eclipse.egit.core - 4.1.1.201511131810-r
2017-05-17 15:32:03,724 - org.eclipse.egit.ui - 4.1.1.201511131810-r
2017-05-17 15:32:03,884 - org.eclipse.egit - 4.1.1.201511131810-r
2017-05-17 15:32:03,894 - org.eclipse.egit.doc - 4.1.1.201511131810-r
2017-05-17 15:32:04,055 - org.eclipse.aether.maven - 3.1.0.v20140706-2237
2017-05-17 15:32:04,134 - org.eclipse.gef - 3.10.1.201508170204
2017-05-17 15:32:04,141 - org.eclipse.mylyn.commons.identity.core - 1.10.0.v20151009-1724
2017-05-17 15:32:04,204 - javax.persistence - 2.1.0.v201304241213
2017-05-17 15:32:04,206 - org.eclipse.jpt.jpa.annotate - 1.0.100.v201309261652
2017-05-17 15:32:04,209 - org.eclipse.jpt.jpa.core - 3.4.0.v201312052110
2017-05-17 15:32:04,216 - org.eclipse.jpt.jpa.db - 2.2.100.v201311150251
2017-05-17 15:32:04,221 - org.eclipse.jpt.jpa.db.ui - 2.1.100.v201309202144
2017-05-17 15:32:04,224 - org.eclipse.jpt.jpa.gen - 2.3.150.v201512181609
2017-05-17 15:32:04,227 - org.eclipse.jpt.jpa.ui - 3.4.0.v201312022017
2017-05-17 15:32:04,230 - org.eclipse.jpt.doc.user - 3.2.100.v201308231650
2017-05-17 15:32:04,233 - org.eclipse.persistence.jpa.jpql - 2.6.0.v20140809-296a69f
2017-05-17 15:32:04,235 - org.apache.commons.collections - 3.2.2.v201511171945
2017-05-17 15:32:04,237 - org.apache.commons.lang - 2.6.0.v201404270220
2017-05-17 15:32:04,239 - org.apache.velocity - 1.5.0.v200905192330
2017-05-17 15:32:04,241 - org.jdom - 1.1.1.v201101151400
2017-05-17 15:32:04,539 - org.eclipse.jpt.jpa.branding - 3.4.0.v201309202144
2017-05-17 15:32:04,561 - org.eclipse.oomph.p2 - 1.3.0.v20160213-0953
2017-05-17 15:32:04,565 - org.eclipse.oomph.p2.core - 1.3.0.v20160213-0953
2017-05-17 15:32:04,591 - org.eclipse.oomph.p2.edit - 1.3.0.v20160213-0953
2017-05-17 15:32:04,676 - org.eclipse.oomph.p2.ui - 1.3.0.v20160213-0953
2017-05-17 15:32:05,042 - org.eclipse.oomph.p2.doc - 1.3.0.v20160213-0953
2017-05-17 15:32:05,114 - org.eclipse.tm.terminal.view.core - 4.0.0.201505101440
2017-05-17 15:32:05,116 - org.eclipse.tm.terminal.view.ui - 4.0.0.201506031417
2017-05-17 15:32:05,124 - org.eclipse.datatools.enablement.sqlite - 1.0.0.v201002041100
2017-05-17 15:32:05,126 - org.eclipse.datatools.enablement.sqlite.dbdefinition - 1.0.2.v201206010441
2017-05-17 15:32:05,128 - org.eclipse.datatools.enablement.sqlite.ui - 1.0.0.v201107221507
2017-05-17 15:32:05,194 - org.eclipse.datatools.enablement.finfo - 1.5.1.v200906161800
2017-05-17 15:32:05,200 - org.eclipse.emf.codegen.ui - 2.6.0.v20160208-0841
2017-05-17 15:32:05,207 - org.eclipse.mylyn.commons.notifications.core - 1.10.0.v20151009-1724
2017-05-17 15:32:05,212 - org.eclipse.mylyn.commons.notifications.feed - 1.10.0.v20151009-1724
2017-05-17 15:32:05,215 - org.eclipse.mylyn.commons.notifications.ui - 1.10.0.v20151102-1814
2017-05-17 15:32:05,395 - org.eclipse.emf.converter - 2.7.0.v20160208-0841
2017-05-17 15:32:05,397 - org.eclipse.emf.importer - 2.9.0.v20160208-0841
2017-05-17 15:32:05,400 - org.eclipse.emf.exporter - 2.7.0.v20160208-0841
2017-05-17 15:32:05,402 - org.eclipse.emf.importer.ecore - 2.8.0.v20160208-0841
2017-05-17 15:32:05,403 - org.eclipse.emf.importer.java - 2.7.0.v20160208-0841
2017-05-17 15:32:05,406 - org.eclipse.emf.importer.rose - 2.8.0.v20160208-0841
2017-05-17 15:32:05,589 - org.eclipse.recommenders.rcp - 2.3.0.v20160216-1255
2017-05-17 15:32:05,593 - org.eclipse.recommenders.apidocs - 2.3.0.v20160216-1255
2017-05-17 15:32:05,595 - org.eclipse.recommenders.apidocs.rcp - 2.3.0.v20160216-1255
2017-05-17 15:32:05,598 - org.eclipse.recommenders.calls - 2.3.0.v20160216-1255
2017-05-17 15:32:05,599 - org.eclipse.recommenders.calls.rcp - 2.3.0.v20160216-1255
2017-05-17 15:32:05,603 - org.eclipse.recommenders.chain.rcp - 2.3.0.v20160216-1255
2017-05-17 15:32:05,605 - org.eclipse.recommenders.completion.rcp - 2.3.0.v20160216-1255
2017-05-17 15:32:05,607 - org.eclipse.recommenders.constructors - 2.3.0.v20160216-1255
2017-05-17 15:32:05,609 - org.eclipse.recommenders.constructors.rcp - 2.3.0.v20160216-1255
2017-05-17 15:32:05,611 - org.eclipse.recommenders.coordinates - 2.3.0.v20160216-1255
2017-05-17 15:32:05,613 - org.eclipse.recommenders.coordinates.rcp - 2.3.0.v20160216-1255
2017-05-17 15:32:05,615 - org.eclipse.recommenders.injection - 2.3.0.v20160216-1255
2017-05-17 15:32:05,617 - org.eclipse.recommenders.jayes - 2.3.0.v20160216-1255
2017-05-17 15:32:05,618 - org.eclipse.recommenders.jayes.io - 2.3.0.v20160216-1255
2017-05-17 15:32:05,620 - org.eclipse.recommenders.jdt - 2.3.0.v20160216-1255
2017-05-17 15:32:05,622 - org.eclipse.recommenders.models - 2.3.0.v20160216-1255
2017-05-17 15:32:05,624 - org.eclipse.recommenders.models.rcp - 2.3.0.v20160216-1255
2017-05-17 15:32:05,626 - org.eclipse.recommenders.net - 2.3.0.v20160216-1255
2017-05-17 15:32:05,628 - org.eclipse.recommenders.overrides - 2.3.0.v20160216-1255
2017-05-17 15:32:05,661 - org.eclipse.recommenders.overrides.rcp - 2.3.0.v20160216-1255
2017-05-17 15:32:05,663 - org.eclipse.recommenders.subwords.rcp - 2.3.0.v20160216-1255
2017-05-17 15:32:05,665 - org.eclipse.recommenders.types.rcp - 2.3.0.v20160216-1255
2017-05-17 15:32:05,667 - org.eclipse.recommenders.utils - 2.3.0.v20160216-1255
2017-05-17 15:32:05,669 - org.eclipse.recommenders.utils.rcp - 2.3.0.v20160216-1255
2017-05-17 15:32:05,677 - org.eclipse.datatools.enablement.oda.ws.ui - 1.2.6.v201403131825
2017-05-17 15:32:05,681 - org.eclipse.datatools.enablement.oda.xml.ui - 1.2.7.v201403131825
2017-05-17 15:32:05,684 - org.eclipse.datatools.connectivity.oda.flatfile.ui - 3.1.9.v201403131825
2017-05-17 15:32:05,692 - org.eclipse.datatools.enablement.postgresql.dbdefinition - 1.0.2.v201110070445
2017-05-17 15:32:05,694 - org.eclipse.datatools.enablement.postgresql - 1.1.1.v201205252207
2017-05-17 15:32:05,727 - org.eclipse.datatools.enablement.postgresql.ui - 1.0.0.v201107221506
2017-05-17 15:32:05,727 - org.eclipse.datatools.enablement.finfo - 1.5.1.v200906161800
2017-05-17 15:32:05,733 - org.eclipse.datatools.connectivity.oda.design.ui - 3.2.9.v201403131814
2017-05-17 15:32:05,736 - org.eclipse.datatools.connectivity.ui.dse - 1.1.5.v201212070447
2017-05-17 15:32:05,738 - org.eclipse.datatools.connectivity.ui - 1.2.4.v201212070447
2017-05-17 15:32:05,740 - org.eclipse.datatools.connectivity.sqm.core - 1.2.8.v201401230755
2017-05-17 15:32:05,747 - org.eclipse.datatools.help - 1.5.0.v200906020553
2017-05-17 15:32:05,772 - org.eclipse.m2e.wtp.jsf - 1.2.1.20150819-2220
2017-05-17 15:32:05,779 - org.eclipse.datatools.connectivity.db.generic - 1.0.1.v201107221459
2017-05-17 15:32:05,781 - org.eclipse.datatools.connectivity.db.generic.ui - 1.0.2.v201211200622
2017-05-17 15:32:05,814 - org.eclipse.datatools.connectivity.dbdefinition.genericJDBC - 1.0.2.v201310181001
2017-05-17 15:32:05,820 - org.eclipse.emf.mapping - 2.9.0.v20160208-0841
2017-05-17 15:32:05,829 - org.eclipse.wst.common.project.facet.core - 1.4.300.v201111030423
2017-05-17 15:32:05,831 - org.eclipse.wst.common.project.facet.ui - 1.4.600.v201505072140
2017-05-17 15:32:05,836 - org.eclipse.emf.ecore - 2.11.2.v20160208-0816
2017-05-17 15:32:05,838 - org.eclipse.emf.ecore.change - 2.11.0.v20160208-0816
2017-05-17 15:32:05,839 - org.eclipse.emf.ecore.xmi - 2.11.1.v20160208-0816
2017-05-17 15:32:05,845 - org.eclipse.datatools.intro - 1.7.0.v201005281800
2017-05-17 15:32:05,875 - org.eclipse.jst.common.project.facet.core - 1.4.400.v201403261418
2017-05-17 15:32:05,878 - org.eclipse.jst.common.project.facet.ui - 1.4.510.v201501141810
2017-05-17 15:32:05,883 - org.eclipse.jgit - 4.1.1.201511131810-r
2017-05-17 15:32:05,885 - org.eclipse.jgit.archive - 4.1.1.201511131810-r
2017-05-17 15:32:05,887 - com.jcraft.jsch - 0.1.53.v201508180515
2017-05-17 15:32:05,889 - javaewah - 0.7.9.v201401101600
2017-05-17 15:32:05,893 - org.apache.commons.compress - 1.6.0.v201310281400
2017-05-17 15:32:05,900 - org.slf4j.api - 1.7.2.v20121108-1250
2017-05-17 15:32:05,901 - org.slf4j.impl.log4j12 - 1.7.2.v20131105-2200
2017-05-17 15:32:05,903 - org.apache.log4j - 1.2.15.v201012070815
2017-05-17 15:32:05,935 - org.eclipse.mylyn.wikitext.core - 2.7.0.v20151015-1452
2017-05-17 15:32:05,937 - org.eclipse.mylyn.wikitext.core.ant - 2.7.0.v20151009-1723
2017-05-17 15:32:05,939 - org.eclipse.mylyn.wikitext.core.osgi - 2.7.0.v20151009-1723
2017-05-17 15:32:05,941 - org.eclipse.mylyn.wikitext.textile.core - 2.7.0.v20151009-1723
2017-05-17 15:32:05,943 - org.eclipse.mylyn.wikitext.html.core - 2.7.0.v20151015-1452
2017-05-17 15:32:05,945 - org.eclipse.mylyn.wikitext.markdown.core - 2.7.0.v20151009-1723
2017-05-17 15:32:05,948 - org.eclipse.mylyn.wikitext.mediawiki.core - 2.7.0.v20151009-1723
2017-05-17 15:32:05,950 - org.eclipse.mylyn.wikitext.confluence.core - 2.7.0.v20151009-1723
2017-05-17 15:32:05,952 - org.eclipse.mylyn.wikitext.tracwiki.core - 2.7.0.v20151009-1723
2017-05-17 15:32:05,954 - org.eclipse.mylyn.wikitext.twiki.core - 2.7.0.v20151009-1723
2017-05-17 15:32:05,956 - org.eclipse.mylyn.wikitext.ui - 2.7.0.v20151009-1723
2017-05-17 15:32:05,958 - org.eclipse.mylyn.wikitext.help.ui - 2.7.0.v20151009-1723
2017-05-17 15:32:05,960 - org.eclipse.mylyn.wikitext.textile.ui - 2.7.0.v20151009-1723
2017-05-17 15:32:05,963 - org.eclipse.mylyn.wikitext.markdown.ui - 2.7.0.v20151009-1723
2017-05-17 15:32:05,964 - org.eclipse.mylyn.wikitext.mediawiki.ui - 2.7.0.v20151009-1723
2017-05-17 15:32:05,966 - org.eclipse.mylyn.wikitext.confluence.ui - 2.7.0.v20151009-1723
2017-05-17 15:32:06,002 - org.eclipse.mylyn.wikitext.tracwiki.ui - 2.7.0.v20151009-1723
2017-05-17 15:32:06,004 - org.eclipse.mylyn.wikitext.twiki.ui - 2.7.0.v20151009-1723
2017-05-17 15:32:06,006 - org.eclipse.mylyn.wikitext.tasks.ui - 2.7.0.v20151009-1723
2017-05-17 15:32:06,008 - org.eclipse.mylyn.wikitext.context.ui - 2.7.0.v20151009-1723
2017-05-17 15:32:06,017 - org.eclipse.jpt.jaxb.core - 1.4.1.v201501152041
2017-05-17 15:32:06,019 - org.eclipse.jpt.jaxb.core.schemagen - 1.1.100.v201309202144
2017-05-17 15:32:06,021 - org.eclipse.jpt.jaxb.ui - 1.5.0.v201308091549
2017-05-17 15:32:06,021 - org.eclipse.jpt.jaxb.branding - 1.4.0.v201309202144
2017-05-17 15:32:06,026 - org.eclipse.emf.mapping.ecore.editor - 2.6.0.v20160208-0841
2017-05-17 15:32:06,028 - org.eclipse.emf.mapping.ecore2ecore.editor - 2.7.0.v20160208-0841
2017-05-17 15:32:06,032 - org.eclipse.emf.mapping.ecore2xml.ui - 2.8.0.v20160208-0841
2017-05-17 15:32:06,061 - org.eclipse.datatools.enablement.finfo - 1.5.1.v200906161800
2017-05-17 15:32:06,063 - org.eclipse.datatools.sqltools.db.derby.ui - 1.0.0.v200906020900
2017-05-17 15:32:06,065 - org.eclipse.datatools.sqltools.db.generic.ui - 1.0.0.v200906020900
2017-05-17 15:32:06,070 - org.eclipse.datatools.enablement.jdt.classpath - 1.0.1.v201107221501
2017-05-17 15:32:06,076 - org.eclipse.mylyn.discovery.core - 3.18.0.v20151009-1724
2017-05-17 15:32:06,078 - org.eclipse.mylyn.discovery.ui - 3.18.0.v20151009-1724
2017-05-17 15:32:06,085 - org.eclipse.datatools.enablement.mysql.dbdefinition - 1.0.4.v201109022331
2017-05-17 15:32:06,087 - org.eclipse.datatools.enablement.mysql - 1.0.4.v201212120617
2017-05-17 15:32:06,089 - org.eclipse.datatools.enablement.mysql.ui - 1.0.0.v201109022331
2017-05-17 15:32:06,089 - org.eclipse.datatools.enablement.finfo - 1.5.1.v200906161800
2017-05-17 15:32:06,140 - org.eclipse.datatools.enablement.msft.sqlserver.dbdefinition - 1.0.1.v201201240505
2017-05-17 15:32:06,142 - org.eclipse.datatools.enablement.msft.sqlserver - 1.0.3.v201308161009
2017-05-17 15:32:06,143 - org.eclipse.datatools.enablement.msft.sqlserver.ui - 1.0.4.v201308031011
2017-05-17 15:32:06,144 - org.eclipse.datatools.enablement.finfo - 1.5.1.v200906161800
2017-05-17 15:32:06,151 - org.eclipse.sequoyah.localization.android - 2.1.0.N20120718-0509
2017-05-17 15:32:06,152 - org.eclipse.sequoyah.localization.android.help - 2.1.1.N20120718-0509
2017-05-17 15:32:06,157 - org.eclipse.m2e.wtp.jpa - 1.2.1.20150819-2224
2017-05-17 15:32:06,163 - org.eclipse.jst.ws.jaxws.core - 1.0.403.v201602092125
2017-05-17 15:32:06,165 - org.eclipse.jst.ws.jaxws.ui - 1.0.401.v201504291921
2017-05-17 15:32:06,167 - javax.xml.ws - 2.1.0.v200902101523
2017-05-17 15:32:06,215 - javax.jws - 2.0.0.v201005080400
2017-05-17 15:32:06,217 - org.eclipse.jst.ws.annotations.core - 1.2.200.v201311102023
2017-05-17 15:32:06,219 - javax.xml.stream - 1.0.1.v201004272200
2017-05-17 15:32:06,220 - org.eclipse.jst.ws.jaxb.core - 1.0.200.v201309232152
2017-05-17 15:32:06,221 - javax.wsdl - 1.6.2.v201012040545
2017-05-17 15:32:06,221 - org.jdom - 1.1.1.v201101151400
2017-05-17 15:32:06,227 - org.eclipse.datatools.connectivity.doc.user.contexts - 1.7.0.20090521092446
2017-05-17 15:32:06,227 - org.eclipse.datatools.connectivity.doc.user - 1.7.0.20090521092446
2017-05-17 15:32:06,234 - org.eclipse.mylyn.tasks.bugs - 3.18.0.v20151009-2340
2017-05-17 15:32:06,236 - org.eclipse.mylyn.help.ui - 3.18.0.v20151009-2340
2017-05-17 15:32:06,242 - org.eclipse.emf.edit - 2.11.1.v20160208-0841
2017-05-17 15:32:06,306 - org.eclipse.mylyn.commons.core - 3.18.0.v20151019-2227
2017-05-17 15:32:06,308 - org.eclipse.mylyn.commons.screenshots - 3.18.0.v20151009-1724
2017-05-17 15:32:06,310 - org.eclipse.mylyn.commons.ui - 3.18.0.v20151116-1930
2017-05-17 15:32:06,312 - org.eclipse.mylyn.commons.workbench - 3.18.0.v20151102-1813
2017-05-17 15:32:06,320 - org.eclipse.mylyn.bugzilla.ide - 3.18.0.v20151013-1847
2017-05-17 15:32:06,325 - org.eclipse.mylyn.ide.ui - 3.18.0.v20151013-1847
2017-05-17 15:32:06,345 - org.eclipse.emf.databinding.edit - 1.3.0.v20160208-0841
2017-05-17 15:32:06,358 - org.eclipse.emf.codegen.ecore - 2.11.1.v20160208-0841
2017-05-17 15:32:06,361 - org.eclipse.emf.ant - 2.8.0.v20160208-0841
2017-05-17 15:32:06,404 - org.eclipse.m2e.archetype.common - 1.6.2.20150902-0001
2017-05-17 15:32:06,413 - org.eclipse.m2e.maven.indexer - 1.6.2.20150902-0001
2017-05-17 15:32:06,415 - org.eclipse.m2e.model.edit - 1.6.2.20150902-0002
2017-05-17 15:32:06,416 - org.eclipse.m2e.core - 1.6.2.20150902-0002
2017-05-17 15:32:06,418 - org.eclipse.m2e.launching - 1.6.2.20150902-0002
2017-05-17 15:32:06,420 - org.eclipse.m2e.workspace.cli - 0.3.1
2017-05-17 15:32:06,424 - org.eclipse.m2e.jdt - 1.6.2.20150902-0002
2017-05-17 15:32:06,428 - org.eclipse.m2e.editor - 1.6.2.20150902-0002
2017-05-17 15:32:06,435 - org.eclipse.m2e.editor.xml - 1.6.2.20150902-0002
2017-05-17 15:32:06,990 - org.eclipse.m2e.maven.runtime - 1.6.2.20150902-0001
2017-05-17 15:32:06,995 - org.eclipse.m2e.maven.runtime.slf4j.simple - 1.6.2.20150902-0001
2017-05-17 15:32:06,998 - org.eclipse.m2e.refactoring - 1.6.2.20150902-0002
2017-05-17 15:32:07,000 - org.eclipse.m2e.lifecyclemapping.defaults - 1.6.2.20150902-0002
2017-05-17 15:32:07,001 - org.eclipse.m2e.discovery - 1.6.2.20150902-0002
2017-05-17 15:32:07,004 - org.eclipse.m2e.core.ui - 1.6.2.20150902-0002
2017-05-17 15:32:07,006 - org.eclipse.m2e.scm - 1.6.2.20150902-0002
2017-05-17 15:32:07,006 - org.eclipse.m2e.jdt.ui - 1.6.2.20150902-0002
2017-05-17 15:32:07,008 - org.eclipse.m2e.profiles.core - 1.6.2.20150902-0002
2017-05-17 15:32:07,010 - org.eclipse.m2e.profiles.ui - 1.6.2.20150902-0002
2017-05-17 15:32:07,019 - org.eclipse.andmore.ndk - 0.5.0.201605181018
2017-05-17 15:32:07,039 - org.eclipse.datatools.connectivity.oda.consumer - 3.2.6.v201403131814
2017-05-17 15:32:07,056 - org.eclipse.datatools.connectivity.oda.design - 3.3.6.v201403131814
2017-05-17 15:32:07,068 - org.eclipse.datatools.connectivity.oda.profile - 3.2.9.v201403131814
2017-05-17 15:32:07,068 - org.eclipse.datatools.connectivity.oda - 3.4.3.v201405301249
2017-05-17 15:32:07,068 - org.eclipse.datatools.connectivity - 1.2.11.v201401230755
2017-05-17 15:32:07,073 - org.eclipse.andmore.android.certmanager - 0.5.0.201605181018
2017-05-17 15:32:07,080 - org.eclipse.sequoyah.localization.tools - 2.1.0.N20120718-0509
2017-05-17 15:32:07,082 - org.eclipse.sequoyah.localization.editor - 2.1.0.N20120718-0509
2017-05-17 15:32:07,121 - org.eclipse.mylyn.team.ui - 3.18.0.v20151120-2228
2017-05-17 15:32:07,127 - org.eclipse.emf.common.ui - 2.10.1.v20160208-0841
2017-05-17 15:32:07,132 - org.eclipse.sequoyah.device.common.utilities - 2.1.0.N20120718-0509
2017-05-17 15:32:07,138 - org.eclipse.emf.mapping.ui - 2.7.0.v20160208-0841
2017-05-17 15:32:07,146 - org.apache.commons.net - 3.2.0.v201305141515
2017-05-17 15:32:07,149 - org.eclipse.rse.connectorservice.telnet - 1.2.300.201505220524
2017-05-17 15:32:07,149 - org.eclipse.rse.services.telnet - 2.0.400.201403100950
2017-05-17 15:32:07,151 - org.eclipse.rse.subsystems.shells.telnet - 1.2.300.201403100950
2017-05-17 15:32:07,157 - org.eclipse.datatools.connectivity.oda.template.ui - 3.2.5.v201403131814
2017-05-17 15:32:07,163 - org.eclipse.datatools.enablement.ibm - 1.0.0.v201401170830
2017-05-17 15:32:07,165 - org.eclipse.datatools.enablement.ibm.db2 - 1.0.0.v201401170830
2017-05-17 15:32:07,167 - org.eclipse.datatools.enablement.ibm.db2.iseries.dbdefinition - 1.0.3.v201107221502
2017-05-17 15:32:07,169 - org.eclipse.datatools.enablement.ibm.db2.iseries - 1.0.2.v201107221502
2017-05-17 15:32:07,171 - org.eclipse.datatools.enablement.ibm.db2.iseries.ui - 1.0.3.v201212120614
2017-05-17 15:32:07,172 - org.eclipse.datatools.enablement.ibm.db2.luw.dbdefinition - 1.0.7.v201405302027
2017-05-17 15:32:07,174 - org.eclipse.datatools.enablement.ibm.db2.luw - 1.0.3.v201401170830
2017-05-17 15:32:07,176 - org.eclipse.datatools.enablement.ibm.db2.luw.ui - 1.0.6.v201402010752
2017-05-17 15:32:07,177 - org.eclipse.datatools.enablement.ibm.db2.zseries.dbdefinition - 1.0.4.v201107221502
2017-05-17 15:32:07,179 - org.eclipse.datatools.enablement.ibm.db2.zseries - 1.0.2.v201107221502
2017-05-17 15:32:07,181 - org.eclipse.datatools.enablement.ibm.db2.zseries.ui - 1.0.2.v201202100836
2017-05-17 15:32:07,182 - org.eclipse.datatools.enablement.ibm.informix.dbdefinition - 1.0.4.v201107221502
2017-05-17 15:32:07,184 - org.eclipse.datatools.enablement.ibm.informix - 1.0.1.v201107221502
2017-05-17 15:32:07,186 - org.eclipse.datatools.enablement.ibm.informix.ui - 1.0.3.v201202100836
2017-05-17 15:32:07,187 - org.eclipse.datatools.enablement.ibm.ui - 1.0.0.v201107221502
2017-05-17 15:32:07,193 - org.eclipse.rse.core - 3.3.100.201407181907
2017-05-17 15:32:07,194 - org.eclipse.rse.doc.user - 3.4.100.201403101646
2017-05-17 15:32:07,196 - org.eclipse.rse.efs - 2.1.401.201503171741
2017-05-17 15:32:07,198 - org.eclipse.rse.efs.ui - 2.1.400.201403100950
2017-05-17 15:32:07,200 - org.eclipse.rse.importexport - 1.2.300.201403100950
2017-05-17 15:32:07,202 - org.eclipse.rse.files.ui - 3.2.200.201502052140
2017-05-17 15:32:07,203 - org.eclipse.rse.processes.ui - 3.0.400.201403100950
2017-05-17 15:32:07,205 - org.eclipse.rse.services - 3.3.0.201403100950
2017-05-17 15:32:07,207 - org.eclipse.rse.shells.ui - 3.0.500.201403271554
2017-05-17 15:32:07,208 - org.eclipse.rse.subsystems.files.core - 3.3.1.201403100950
2017-05-17 15:32:07,210 - org.eclipse.rse.subsystems.processes.core - 3.1.300.201403100950
2017-05-17 15:32:07,263 - org.eclipse.rse.subsystems.processes.shell.linux - 1.1.400.201403100950
2017-05-17 15:32:07,267 - org.eclipse.rse.subsystems.shells.core - 3.1.300.201403271554
2017-05-17 15:32:07,272 - org.eclipse.rse.ui - 3.3.100.201503112018
2017-05-17 15:32:07,283 - org.eclipse.jpt.common.eclipselink.core - 1.3.100.v201308091549
2017-05-17 15:32:07,283 - org.eclipse.jpt.common.eclipselink.branding - 1.3.100.v201309202144
2017-05-17 15:32:07,294 - org.eclipse.datatools.connectivity.sqm.core.ui - 1.2.3.v201212070447
2017-05-17 15:32:07,294 - org.eclipse.datatools.connectivity.sqm.core - 1.2.8.v201401230755
2017-05-17 15:32:07,296 - org.eclipse.datatools.connectivity.sqm.server.ui - 1.1.101.v201212070447
2017-05-17 15:32:07,296 - org.eclipse.datatools.connectivity.ui.dse - 1.1.5.v201212070447
2017-05-17 15:32:07,296 - org.eclipse.datatools.connectivity.ui - 1.2.4.v201212070447
2017-05-17 15:32:07,296 - org.eclipse.datatools.connectivity - 1.2.11.v201401230755
2017-05-17 15:32:07,296 - org.eclipse.datatools.help - 1.5.0.v200906020553
2017-05-17 15:32:07,299 - org.eclipse.datatools.connectivity.console.profile - 1.0.10.v201109250955
2017-05-17 15:32:07,307 - org.eclipse.wst.jsdt.core - 1.3.401.v201511181529
2017-05-17 15:32:07,310 - org.eclipse.wst.jsdt.manipulation - 1.0.600.v201505071819
2017-05-17 15:32:07,310 - org.eclipse.wst.jsdt.ui - 1.1.601.v201512010225
2017-05-17 15:32:07,313 - org.eclipse.wst.jsdt.support.firefox - 1.0.500.v201402051800
2017-05-17 15:32:07,315 - org.eclipse.wst.jsdt.support.ie - 1.0.600.v201505071819
2017-05-17 15:32:07,318 - org.eclipse.wst.jsdt.doc - 1.4.101.v201507140011
2017-05-17 15:32:07,320 - org.eclipse.wst.jsdt.debug.core - 3.1.200.v201502261613
2017-05-17 15:32:07,322 - org.eclipse.wst.jsdt.debug.transport - 1.0.300.v201502261613
2017-05-17 15:32:07,326 - org.eclipse.wst.jsdt.debug.crossfire - 1.0.500.v201505071819
2017-05-17 15:32:07,328 - org.eclipse.wst.jsdt.debug.rhino - 1.0.400.v201503300052
2017-05-17 15:32:07,331 - org.eclipse.wst.jsdt.debug.rhino.debugger - 1.0.500.v201503300052
2017-05-17 15:32:07,333 - org.eclipse.wst.jsdt.debug.ui - 1.0.500.v201502261613
2017-05-17 15:32:07,335 - org.mozilla.javascript - 1.7.4.v201504221540
2017-05-17 15:32:07,348 - org.eclipse.datatools.common.doc.user - 1.7.0.20090521092446
2017-05-17 15:32:07,355 - org.eclipse.wst.jsdt.web.core - 1.0.800.v201505130300
2017-05-17 15:32:07,357 - org.eclipse.wst.jsdt.web.ui - 1.0.800.v201403271809
2017-05-17 15:32:07,358 - org.eclipse.wst.html.ui.infopop - 1.0.201.v201409111852
2017-05-17 15:32:07,360 - org.eclipse.wst.web.ui.infopop - 1.0.300.v200805140206
2017-05-17 15:32:07,362 - org.eclipse.wst.css.ui - 1.0.901.v201501212057
2017-05-17 15:32:07,364 - org.eclipse.wst.html.ui - 1.0.1000.v201505130300
2017-05-17 15:32:07,365 - org.eclipse.wst.web.ui - 1.1.600.v201302011850
2017-05-17 15:32:07,371 - org.eclipse.rse - 3.5.0.201403100950
2017-05-17 15:32:07,415 - org.eclipse.rse.services.local - 2.2.0.201502030655
2017-05-17 15:32:07,417 - org.eclipse.rse.subsystems.files.local - 2.1.300.201403251512
2017-05-17 15:32:07,419 - org.eclipse.rse.subsystems.processes.local - 2.1.400.201403100950
2017-05-17 15:32:07,421 - org.eclipse.rse.subsystems.shells.local - 2.1.400.201403100950
2017-05-17 15:32:07,423 - org.eclipse.rse.connectorservice.local - 2.1.400.201403100950
2017-05-17 15:32:07,431 - org.eclipse.datatools.enablement.hsqldb - 1.0.0.v201107221502
2017-05-17 15:32:07,439 - org.eclipse.datatools.enablement.hsqldb.dbdefinition - 1.0.0.v201107221502
2017-05-17 15:32:07,440 - org.eclipse.datatools.enablement.hsqldb.ui - 1.0.0.v201108120600
2017-05-17 15:32:07,441 - org.eclipse.datatools.enablement.finfo - 1.5.1.v200906161800
2017-05-17 15:32:07,446 - org.eclipse.datatools.sqltools.doc.user - 1.7.0.20090521092446
2017-05-17 15:32:07,463 - org.eclipse.datatools.sqltools.doc.user.contexts - 1.7.0.20090521092446
2017-05-17 15:32:07,471 - org.eclipse.m2e.wtp - 1.2.1.20150819-2220
2017-05-17 15:32:07,473 - org.eclipse.m2e.wtp.overlay - 1.2.1.20150819-2220
2017-05-17 15:32:07,475 - org.eclipse.m2e.wtp.overlay.ui - 1.2.1.20150819-2220
2017-05-17 15:32:07,484 - org.eclipse.jpt.common.utility - 2.3.0.v201311152020
2017-05-17 15:32:07,487 - org.eclipse.jpt.common.core - 1.4.0.v201308261915
2017-05-17 15:32:07,488 - org.eclipse.jpt.common.ui - 1.4.0.v201310111551
2017-05-17 15:32:07,489 - org.eclipse.jpt.common.branding - 1.4.0.v201309202144
2017-05-17 15:32:07,494 - org.eclipse.emf.edit.ui - 2.11.1.v20160208-0841
2017-05-17 15:32:07,502 - org.eclipse.help - 3.6.0.v20130326-1254
2017-05-17 15:32:07,505 - org.eclipse.ui - 3.107.0.v20150507-1945
2017-05-17 15:32:07,508 - org.eclipse.ui.workbench - 3.107.1.v20160120-2131
2017-05-17 15:32:07,510 - org.eclipse.update.configurator - 3.3.300.v20140518-1928
2017-05-17 15:32:07,510 - org.eclipse.rcp - 4.5.2.v20160212-1500
2017-05-17 15:32:07,523 - org.eclipse.persistence.moxy - 2.6.0.v20130815-a4708b6
2017-05-17 15:32:07,525 - org.eclipse.jpt.jaxb.eclipselink.core - 1.3.101.v201501171820
2017-05-17 15:32:07,528 - org.eclipse.jpt.jaxb.eclipselink.ui - 1.4.100.v201308271450
2017-05-17 15:32:07,533 - org.eclipse.jpt.jaxb.eclipselink.core.schemagen - 1.2.100.v201309202144
2017-05-17 15:32:07,533 - org.eclipse.jpt.jaxb.eclipselink.branding - 1.4.100.v201309202144
2017-05-17 15:32:07,541 - org.eclipse.datatools.connectivity.apache.derby.dbdefinition - 1.0.2.v201107221459
2017-05-17 15:32:07,543 - org.eclipse.datatools.connectivity.apache.derby.ui - 1.0.3.v201107221459
2017-05-17 15:32:07,545 - org.eclipse.datatools.connectivity.apache.derby - 1.0.103.v201212070447
2017-05-17 15:32:07,579 - org.eclipse.datatools.modelbase.derby - 1.0.0.v201107221519
2017-05-17 15:32:07,581 - org.eclipse.datatools.sqltools.db.derby - 1.0.0.v201107221520
2017-05-17 15:32:07,587 - org.eclipse.jdt - 3.11.2.v20160212-1500
2017-05-17 15:32:07,589 - org.eclipse.ant.ui - 3.6.101.v20160203-1242
2017-05-17 15:32:07,592 - org.eclipse.jdt.apt.core - 3.4.0.v20150518-1201
2017-05-17 15:32:07,594 - org.eclipse.jdt.apt.ui - 3.4.0.v20150423-0947
2017-05-17 15:32:07,595 - org.eclipse.jdt.apt.pluggable.core - 1.1.0.v20150423-0947
2017-05-17 15:32:07,600 - org.eclipse.jdt.compiler.apt - 1.2.0.v20150514-0146
2017-05-17 15:32:07,601 - org.eclipse.jdt.compiler.tool - 1.1.0.v20150513-2007
2017-05-17 15:32:07,602 - org.eclipse.jdt.core - 3.11.2.v20160128-0629
2017-05-17 15:32:07,604 - org.eclipse.jdt.annotation - 2.0.100.v20150311-1658
2017-05-17 15:32:07,604 - org.eclipse.jdt.annotation - 2.0.100.v20150311-1658
2017-05-17 15:32:07,605 - org.eclipse.jdt.core.manipulation - 1.5.100.v20141002-1241
2017-05-17 15:32:07,608 - org.eclipse.jdt.debug.ui - 3.7.101.v20160203-1236
2017-05-17 15:32:07,617 - org.eclipse.jdt.debug - 3.9.1.v20160128-1343
2017-05-17 15:32:07,619 - org.eclipse.jdt.junit - 3.8.0.v20150428-1340
2017-05-17 15:32:07,621 - org.eclipse.jdt.junit.core - 3.7.400.v20150423-0747
2017-05-17 15:32:07,623 - org.eclipse.jdt.junit.runtime - 3.4.500.v20140527-1138
2017-05-17 15:32:07,625 - org.eclipse.jdt.junit4.runtime - 1.1.500.v20150423-0747
2017-05-17 15:32:07,626 - org.eclipse.jdt.launching - 3.8.0.v20150527-0946
2017-05-17 15:32:07,633 - org.eclipse.jdt.ui - 3.11.2.v20151123-1510
2017-05-17 15:32:07,637 - org.junit - 4.12.0.v201504281640
2017-05-17 15:32:07,638 - org.hamcrest.core - 1.3.0.v201303031735
2017-05-17 15:32:07,640 - org.eclipse.jdt.doc.user - 3.11.1.v20150819-1130
2017-05-17 15:32:07,642 - org.eclipse.ant.launching - 1.1.101.v20160203-1242
2017-05-17 15:32:07,647 - org.eclipse.emf.common - 2.11.1.v20160208-0816
2017-05-17 15:32:07,653 - org.eclipse.egit.mylyn.ui - 4.1.1.201511131810-r
2017-05-17 15:32:07,659 - org.eclipse.sequoyah.vnc.vncviewer.vncviews - 2.1.0.N20120718-0509
2017-05-17 15:32:07,665 - org.jdom - 1.1.1.v201101151400
2017-05-17 15:32:07,666 - org.eclipse.jst.ws.cxf.consumption.core - 1.0.300.v201309232152
2017-05-17 15:32:07,668 - org.eclipse.jst.ws.cxf.consumption.ui - 1.0.300.v201309232152
2017-05-17 15:32:07,668 - org.eclipse.jst.ws.cxf.core - 1.1.200.v201404292022
2017-05-17 15:32:07,670 - org.eclipse.jst.ws.cxf.creation.core - 1.0.401.v201408111743
2017-05-17 15:32:07,672 - org.eclipse.jst.ws.cxf.creation.ui - 1.0.300.v201403242125
2017-05-17 15:32:07,674 - org.eclipse.jst.ws.cxf.ui - 1.0.300.v201309232152
2017-05-17 15:32:07,674 - javax.wsdl - 1.6.2.v201012040545
2017-05-17 15:32:07,674 - javax.jws - 2.0.0.v201005080400
2017-05-17 15:32:07,674 - javax.xml.stream - 1.0.1.v201004272200
2017-05-17 15:32:07,674 - javax.xml.ws - 2.1.0.v200902101523
2017-05-17 15:32:07,682 - org.eclipse.datatools.enablement.sybase.asa.models - 1.0.0.v201107221507
2017-05-17 15:32:07,684 - org.eclipse.datatools.enablement.sybase.ase.models - 1.0.1.v201010140307
2017-05-17 15:32:07,686 - org.eclipse.datatools.enablement.sybase.asa - 1.0.2.v201212120618
2017-05-17 15:32:07,687 - org.eclipse.datatools.enablement.sybase.ase - 1.0.3.v201212120618
2017-05-17 15:32:07,689 - org.eclipse.datatools.enablement.sybase.ase.dbdefinition - 1.0.0.v201107221507
2017-05-17 15:32:07,691 - org.eclipse.datatools.enablement.sybase.asa.dbdefinition - 1.0.0.v200906161800
2017-05-17 15:32:07,693 - org.eclipse.datatools.enablement.sybase.asa.ui - 1.0.1.v200906111204
2017-05-17 15:32:07,695 - org.eclipse.datatools.enablement.sybase.ase.ui - 1.0.1.v200906020900
2017-05-17 15:32:07,695 - org.eclipse.datatools.enablement.sybase - 1.0.1.v201107221507
2017-05-17 15:32:07,696 - org.eclipse.datatools.enablement.sybase.models - 1.0.0.v201010140307
2017-05-17 15:32:07,698 - org.eclipse.datatools.enablement.sybase.ui - 1.0.0.v200906090452
2017-05-17 15:32:07,701 - org.eclipse.datatools.enablement.sybase.asa.schemaobjecteditor.examples - 2.5.0.200810071
2017-05-17 15:32:07,738 - org.eclipse.datatools.sqltools.common.ui - 1.0.1.v201212120623
2017-05-17 15:32:07,740 - org.eclipse.datatools.sqltools.debugger.core - 1.0.1.v201107221520
2017-05-17 15:32:07,742 - org.eclipse.datatools.sqltools.editor.core - 1.0.3.v201212120623
2017-05-17 15:32:07,744 - org.eclipse.datatools.sqltools.plan - 1.0.0.v201107221520
2017-05-17 15:32:07,746 - org.eclipse.datatools.sqltools.routineeditor - 1.0.0.v201107221520
2017-05-17 15:32:07,749 - org.eclipse.datatools.sqltools.sql - 1.0.1.v201110050515
2017-05-17 15:32:07,822 - org.eclipse.datatools.sqltools.sqleditor - 1.0.4.v201212120623
2017-05-17 15:32:07,824 - org.eclipse.datatools.sqltools.sqlscrapbook - 1.0.2.v201205310922
2017-05-17 15:32:07,824 - org.eclipse.datatools.help - 1.5.0.v200906020553
2017-05-17 15:32:07,826 - org.eclipse.datatools.sqltools.db.generic - 1.0.0.v201107221520
2017-05-17 15:32:07,828 - org.eclipse.datatools.sqltools.debugger.core.ui - 1.0.0.v201003161000
2017-05-17 15:32:07,830 - org.eclipse.datatools.sqltools.editor.core.ui - 1.0.0.v201001150815
2017-05-17 15:32:07,832 - org.eclipse.datatools.sqltools.result.ui - 1.1.3.v201302061703
2017-05-17 15:32:07,834 - org.eclipse.datatools.sqltools.routineeditor.ui - 1.0.3.v201211200616
2017-05-17 15:32:07,836 - org.eclipse.datatools.sqltools.sql.ui - 1.0.1.v201201270735
2017-05-17 15:32:07,906 - org.objectweb.asm - 5.0.1.v201404251740
2017-05-17 15:32:07,906 - org.eclipse.andmore - 0.5.0.201605181018
2017-05-17 15:32:07,908 - org.eclipse.andmore.base - 0.5.0.201605181018
2017-05-17 15:32:07,909 - org.eclipse.andmore.ddms - 0.5.0.201605181018
2017-05-17 15:32:07,926 - org.eclipse.andmore.overlay - 0.5.0.201605181018
2017-05-17 15:32:07,934 - org.apache.commons.codec - 1.6.0.v201305230611
2017-05-17 15:32:07,934 - org.apache.commons.compress - 1.6.0.v201310281400
2017-05-17 15:32:07,936 - org.apache.httpcomponents.httpclient - 4.3.6.v201411290715
2017-05-17 15:32:07,954 - org.apache.httpcomponents.httpcore - 4.3.3.v201411290715
2017-05-17 15:32:07,961 - org.eclipse.oomph.setup.editor - 1.3.0.v20160213-0953
2017-05-17 15:32:07,963 - org.eclipse.oomph.setup.ui - 1.3.0.v20160213-0953
2017-05-17 15:32:07,966 - org.eclipse.oomph.setup.doc - 1.3.0.v20160213-0953
2017-05-17 15:32:07,968 - org.eclipse.oomph.setup.ui.questionnaire - 1.3.0.v20160213-0953
2017-05-17 15:32:07,969 - org.eclipse.oomph.jreinfo.ui - 1.3.0.v20160213-0953
2017-05-17 15:32:07,977 - org.eclipse.datatools.modelbase.dbdefinition - 1.0.2.v201107221519
2017-05-17 15:32:07,980 - org.eclipse.datatools.modelbase.sql.edit - 1.0.2.v201208230744
2017-05-17 15:32:07,983 - org.eclipse.datatools.modelbase.sql.query - 1.1.4.v201212120619
2017-05-17 15:32:07,986 - org.eclipse.datatools.modelbase.sql.query.edit - 1.0.1.v201110151245
2017-05-17 15:32:07,988 - org.eclipse.datatools.modelbase.sql.xml.query - 1.0.2.v201201131123
2017-05-17 15:32:07,988 - org.eclipse.datatools.modelbase.sql - 1.0.6.v201208230744
2017-05-17 15:32:08,003 - org.eclipse.wst.xsl.core - 1.1.301.v201405151730
2017-05-17 15:32:08,005 - org.eclipse.wst.xsl.debug.ui - 1.0.302.v201304240928
2017-05-17 15:32:08,007 - org.eclipse.wst.xsl.launching - 1.1.0.v201304240928
2017-05-17 15:32:08,039 - org.eclipse.wst.xsl.xalan - 1.0.100.v201208081544
2017-05-17 15:32:08,044 - org.eclipse.wst.xsl.ui - 1.1.301.v201304222136
2017-05-17 15:32:08,046 - org.eclipse.wst.xml.xpath.ui - 1.1.102.v201509231858
2017-05-17 15:32:08,050 - org.apache.xalan - 2.7.1.v201005080400
2017-05-17 15:32:08,051 - org.apache.commons.logging - 1.1.1.v201101211721
2017-05-17 15:32:08,052 - org.eclipse.wst.xsl.doc - 1.0.100.v201309251559
2017-05-17 15:32:08,055 - org.eclipse.wst.xml.xpath.core - 1.3.1.v201509231858
2017-05-17 15:32:08,056 - org.apache.xml.serializer - 2.7.1.v201005080400
2017-05-17 15:32:08,061 - org.apache.bcel - 5.2.0.v201005080400
2017-05-17 15:32:08,063 - java_cup.runtime - 0.10.0.v201005080400
2017-05-17 15:32:08,065 - org.eclipse.wst.xsl.saxon - 1.0.200.v201103081755
2017-05-17 15:32:08,065 - org.eclipse.wst.xsl - 1.2.0.v201309251559
2017-05-17 15:32:08,067 - org.eclipse.wst.xsl.jaxp.debug - 1.0.300.v201304102131
2017-05-17 15:32:08,069 - org.eclipse.wst.xsl.jaxp.debug.ui - 1.0.200.v201103081755
2017-05-17 15:32:08,071 - org.eclipse.wst.xsl.jaxp.launching - 1.0.300.v201304102131
2017-05-17 15:32:08,071 - org.apache.log4j - 1.2.15.v201012070815
2017-05-17 15:32:08,073 - org.eclipse.wst.xsl.exslt.core - 1.0.0.v201005240422
2017-05-17 15:32:08,075 - org.eclipse.wst.xsl.exslt.ui - 1.0.0.v201006012004
2017-05-17 15:32:08,111 - org.eclipse.rse.services.ssh - 3.2.100.201403281521
2017-05-17 15:32:08,113 - org.eclipse.rse.connectorservice.ssh - 2.1.300.201505220524
2017-05-17 15:32:08,115 - org.eclipse.rse.subsystems.files.ssh - 2.1.300.201403100950
2017-05-17 15:32:08,116 - org.eclipse.rse.subsystems.shells.ssh - 2.1.400.201403100950
2017-05-17 15:32:08,123 - org.eclipse.jst.ws - 1.0.750.v201503231435
2017-05-17 15:32:08,125 - org.eclipse.jst.j2ee.ui - 1.1.900.v201602161345
2017-05-17 15:32:08,127 - org.eclipse.jst.ws.axis.creation.ui - 1.0.850.v201505131719
2017-05-17 15:32:08,129 - org.eclipse.jst.ws.axis.consumption.ui - 1.0.800.v201505131719
2017-05-17 15:32:08,130 - org.eclipse.jst.j2ee.jca.ui - 1.1.500.v201304231803
2017-05-17 15:32:08,132 - org.eclipse.jst.j2ee.navigator.ui - 1.1.600.v201302011850
2017-05-17 15:32:08,134 - org.eclipse.jst.j2ee.webservice.ui - 1.1.500.v201302011850
2017-05-17 15:32:08,135 - org.eclipse.jst.ws.axis.consumption.core - 1.0.550.v201505131719
2017-05-17 15:32:08,137 - org.eclipse.jst.servlet.ui - 1.1.801.v201409042158
2017-05-17 15:32:08,139 - org.eclipse.jst.ws.ui - 1.0.500.v201505131719
2017-05-17 15:32:08,140 - org.eclipse.jst.ws.uddiregistry - 1.0.600.v201505131719
2017-05-17 15:32:08,173 - org.eclipse.jst.ws.creation.ui - 1.0.900.v201503111711
2017-05-17 15:32:08,175 - org.eclipse.jst.ws.consumption.ui - 1.1.800.v201504152025
2017-05-17 15:32:08,178 - org.eclipse.jst.ws.consumption - 1.0.800.v201505131719
2017-05-17 15:32:08,180 - org.eclipse.jst.j2ee.infopop - 1.0.300.v201309091923
2017-05-17 15:32:08,182 - org.eclipse.jst.jsp.ui.infopop - 1.0.200.v201309112106
2017-05-17 15:32:08,183 - org.eclipse.jst.servlet.ui.infopop - 1.0.500.v201105121947
2017-05-17 15:32:08,185 - org.eclipse.jst.ws.axis.infopop - 1.0.400.v201309242123
2017-05-17 15:32:08,187 - org.eclipse.jst.ws.consumption.infopop - 1.0.400.v201309242123
2017-05-17 15:32:08,188 - org.eclipse.jst.ws.infopop - 1.0.400.v201309242123
2017-05-17 15:32:08,190 - org.eclipse.jst.ws.creation.ejb.ui - 1.0.250.v201309242123
2017-05-17 15:32:08,192 - org.eclipse.jst.ejb.ui - 1.1.900.v201402130359
2017-05-17 15:32:08,194 - org.eclipse.jst.j2ee.ejb.annotations.ui - 1.1.200.v201004261420
2017-05-17 15:32:08,195 - org.eclipse.jst.j2ee.ejb.annotation.model - 1.1.300.v201004110730
2017-05-17 15:32:08,198 - org.eclipse.jst.j2ee.ejb.annotations.emitter - 1.1.200.v201004110730
2017-05-17 15:32:08,199 - org.eclipse.jst.j2ee.ejb.annotations.xdoclet - 1.2.200.v201103302126
2017-05-17 15:32:08,201 - org.eclipse.jst.j2ee.xdoclet.runtime - 1.1.300.v201004280609
2017-05-17 15:32:08,201 - org.eclipse.jst.jee.ui - 1.0.701.v201408251535
2017-05-17 15:32:08,203 - org.eclipse.jst.ejb.ui.infopop - 1.0.300.v201002231012
2017-05-17 15:32:08,236 - org.eclipse.jst.ws.jaxrs.core - 1.0.600.v201505131719
2017-05-17 15:32:08,239 - org.eclipse.jst.ws.jaxrs.ui - 1.0.700.v201505131719
2017-05-17 15:32:08,245 - org.apache.xerces - 2.9.0.v201101211617
2017-05-17 15:32:08,247 - org.apache.xml.resolver - 1.2.0.v201005080400
2017-05-17 15:32:08,248 - org.apache.xml.serializer - 2.7.1.v201005080400
2017-05-17 15:32:08,251 - org.eclipse.datatools.enablement.oda.ws - 1.2.6.v201403131825
2017-05-17 15:32:08,251 - org.eclipse.datatools.enablement.oda.xml - 1.2.5.v201403131825
2017-05-17 15:32:08,253 - javax.xml - 1.3.4.v201005080400
2017-05-17 15:32:08,253 - javax.wsdl - 1.6.2.v201012040545
2017-05-17 15:32:08,255 - org.eclipse.datatools.connectivity.oda.flatfile - 3.1.8.v201403010906
2017-05-17 15:32:08,291 - org.eclipse.jst.ws.axis2.core - 1.0.300.v201309242118
2017-05-17 15:32:08,291 - org.eclipse.jst.ws.axis2.ui - 1.0.400.v201309242118
2017-05-17 15:32:08,293 - org.eclipse.jst.ws.axis2.consumption.core - 1.0.200.v201309242118
2017-05-17 15:32:08,295 - org.eclipse.jst.ws.axis2.consumption.ui - 1.0.200.v201309242118
2017-05-17 15:32:08,297 - org.eclipse.jst.ws.axis2.creation.core - 1.0.200.v201309242118
2017-05-17 15:32:08,299 - org.eclipse.jst.ws.axis2.creation.ui - 1.0.200.v201309242118
2017-05-17 15:32:08,335 - org.eclipse.jst.ws.axis2.ui.doc.user - 1.0.200.v201309242118
2017-05-17 15:32:08,340 - org.eclipse.recommenders.mylyn.rcp - 2.3.0.v20160216-1255
2017-05-17 15:32:08,379 - org.apache.ant - 1.9.6.v201510161327
2017-05-17 15:32:08,381 - org.eclipse.ant.core - 3.4.0.v20150428-1928
2017-05-17 15:32:08,382 - com.jcraft.jsch - 0.1.53.v201508180515
2017-05-17 15:32:08,383 - org.eclipse.compare.core - 3.5.500.v20150505-1058
2017-05-17 15:32:08,386 - org.eclipse.compare - 3.5.600.v20150420-1449
2017-05-17 15:32:08,389 - org.eclipse.compare.win32 - 1.0.200.v20130514-1224
2017-05-17 15:32:08,391 - org.eclipse.core.filebuffers - 3.5.500.v20140723-1040
2017-05-17 15:32:08,394 - org.eclipse.core.filesystem - 1.5.0.v20150725-1910
2017-05-17 15:32:08,394 - org.eclipse.core.net - 1.2.300.v20141118-1725
2017-05-17 15:32:08,396 - org.eclipse.core.net.win32.x86_64 - 1.0.100.v20140124-2013
2017-05-17 15:32:08,402 - org.eclipse.core.resources - 3.10.1.v20150725-1910
2017-05-17 15:32:08,404 - org.eclipse.core.runtime.compatibility - 3.2.300.v20150423-0821
2017-05-17 15:32:08,406 - org.eclipse.core.runtime.compatibility.registry - 3.6.0.v20150318-1505
2017-05-17 15:32:08,408 - org.eclipse.osgi.util - 3.3.100.v20150423-1351
2017-05-17 15:32:08,410 - org.eclipse.debug.core - 3.10.0.v20150303-1130
2017-05-17 15:32:08,413 - org.eclipse.debug.ui - 3.11.101.v20160203-1230
2017-05-17 15:32:08,415 - org.eclipse.equinox.event - 1.3.100.v20140115-1647
2017-05-17 15:32:08,416 - org.eclipse.ltk.core.refactoring - 3.6.201.v20150819-1034
2017-05-17 15:32:08,418 - org.eclipse.ltk.ui.refactoring - 3.7.200.v20140625-1835
2017-05-17 15:32:08,418 - org.eclipse.platform - 4.5.2.v20160212-1500
2017-05-17 15:32:08,420 - org.eclipse.platform.doc.user - 4.5.1.v20150819-1130
2017-05-17 15:32:08,421 - org.eclipse.search - 3.10.0.v20150318-0856
2017-05-17 15:32:08,423 - org.eclipse.team.core - 3.7.100.v20150203-1452
2017-05-17 15:32:08,425 - org.eclipse.team.ui - 3.7.200.v20150203-1452
2017-05-17 15:32:08,426 - org.eclipse.text - 3.5.400.v20150505-1044
2017-05-17 15:32:08,426 - org.eclipse.jface.text - 3.10.0.v20150603-1752
2017-05-17 15:32:08,428 - org.eclipse.jsch.core - 1.2.0.v20141202-1415
2017-05-17 15:32:08,430 - org.eclipse.jsch.ui - 1.2.0.v20141202-1415
2017-05-17 15:32:08,432 - org.eclipse.ui.console - 3.6.100.v20150822-1912
2017-05-17 15:32:08,433 - org.eclipse.ui.intro - 3.4.300.v20141007-1449
2017-05-17 15:32:08,434 - org.eclipse.ui.intro.universal - 3.2.800.v20150325-0952
2017-05-17 15:32:08,435 - org.eclipse.ui.cheatsheets - 3.4.200.v20131227-1524
2017-05-17 15:32:08,469 - org.eclipse.ui.browser - 3.4.300.v20150429-0602
2017-05-17 15:32:08,471 - org.eclipse.ui.monitoring - 1.0.0.v20150512-1436
2017-05-17 15:32:08,471 - org.eclipse.ui.navigator - 3.6.0.v20150422-0725
2017-05-17 15:32:08,473 - org.eclipse.ui.navigator.resources - 3.5.1.v20160128-1644
2017-05-17 15:32:08,474 - org.eclipse.ui.net - 1.2.200.v20120807-0927
2017-05-17 15:32:08,476 - org.eclipse.ui.workbench.texteditor - 3.9.100.v20141023-1946
2017-05-17 15:32:08,478 - org.eclipse.ui.views - 3.8.0.v20150422-0725
2017-05-17 15:32:08,479 - org.eclipse.ui.editors - 3.9.0.v20150213-1939
2017-05-17 15:32:08,480 - org.eclipse.ui.externaltools - 3.3.0.v20150302-1002
2017-05-17 15:32:08,484 - org.eclipse.ui.ide - 3.11.0.v20150825-2158
2017-05-17 15:32:08,485 - org.eclipse.ui.ide.application - 1.1.0.v20150422-0725
2017-05-17 15:32:08,486 - org.eclipse.ui.win32 - 3.2.500.v20150423-0822
2017-05-17 15:32:08,487 - org.eclipse.core.resources.win32.x86_64 - 3.5.0.v20140124-1940
2017-05-17 15:32:08,487 - org.eclipse.core.filesystem.win32.x86_64 - 1.4.0.v20140124-1940
2017-05-17 15:32:08,489 - org.eclipse.core.variables - 3.2.800.v20130819-1716
2017-05-17 15:32:08,490 - org.eclipse.ui.forms - 3.6.200.v20150506-2029
2017-05-17 15:32:08,492 - org.eclipse.ui.views.properties.tabbed - 3.6.100.v20150423-0822
2017-05-17 15:32:08,493 - org.eclipse.equinox.security - 1.2.100.v20150423-1356
2017-05-17 15:32:08,495 - org.eclipse.equinox.security.ui - 1.1.201.v20150803-1228
2017-05-17 15:32:08,498 - org.eclipse.equinox.security.win32.x86_64 - 1.0.100.v20130327-1442
2017-05-17 15:32:08,500 - org.eclipse.core.externaltools - 1.0.300.v20140219-0051
2017-05-17 15:32:08,501 - org.eclipse.ui.themes - 1.1.1.v20151026-1355
2017-05-17 15:32:08,502 - org.eclipse.core.filesystem.java7 - 1.0.100.v20150423-0754
2017-05-17 15:32:08,508 - org.eclipse.emf.ecore.edit - 2.9.0.v20160208-0841
2017-05-17 15:32:08,510 - org.eclipse.emf.ecore.change.edit - 2.6.0.v20160208-0841
2017-05-17 15:32:08,516 - org.eclipse.sequoyah.vnc.protocol - 2.1.0.N20120718-0509
2017-05-17 15:32:08,523 - org.eclipse.persistence.antlr - 3.2.0.v201302191141
2017-05-17 15:32:08,526 - org.eclipse.persistence.asm - 5.0.1.v201405080102
2017-05-17 15:32:08,529 - org.eclipse.persistence.core - 2.6.0.v20140809-296a69f
2017-05-17 15:32:08,535 - org.eclipse.persistence.jpa - 2.6.0.v20140809-296a69f
2017-05-17 15:32:08,537 - org.eclipse.jpt.jpa.eclipselink.core - 2.4.0.v201309122001
2017-05-17 15:32:08,539 - org.eclipse.jpt.jpa.eclipselink.ui - 2.4.0.v201308271953
2017-05-17 15:32:08,541 - org.eclipse.jpt.jpa.eclipselink.core.ddlgen - 2.2.100.v201309202144
2017-05-17 15:32:08,541 - org.eclipse.jpt.jpa.eclipselink.branding - 3.4.0.v201309202144
2017-05-17 15:32:08,546 - org.eclipse.emf.mapping.ecore - 2.6.0.v20160208-0841
2017-05-17 15:32:08,548 - org.eclipse.emf.mapping.ecore2ecore - 2.9.0.v20160208-0841
2017-05-17 15:32:08,549 - org.eclipse.emf.mapping.ecore2xml - 2.9.0.v20160208-0841
2017-05-17 15:32:08,556 - org.eclipse.datatools.enablement.ingres - 1.0.0.v200906111150
2017-05-17 15:32:08,557 - org.eclipse.datatools.enablement.ingres.dbdefinition - 1.0.0.v200906161800
2017-05-17 15:32:08,559 - org.eclipse.datatools.enablement.ingres.ui - 1.0.0.v201105270214
2017-05-17 15:32:08,559 - org.eclipse.datatools.enablement.finfo - 1.5.1.v200906161800
2017-05-17 15:32:08,563 - org.eclipse.andmore.traceview - 0.5.0.201605181018
2017-05-17 15:32:08,568 - org.eclipse.emf.codegen - 2.11.0.v20160208-0841
2017-05-17 15:32:08,604 - org.eclipse.m2e.logback.configuration - 1.6.2.20150902-0002
2017-05-17 15:32:08,606 - org.eclipse.m2e.logback.appender - 1.6.2.20150902-0002
2017-05-17 15:32:08,613 - org.eclipse.wst.dtd.ui - 1.0.801.v201308100602
2017-05-17 15:32:08,615 - org.eclipse.wst.dtd.ui.infopop - 1.0.400.v201309112106
2017-05-17 15:32:08,616 - org.eclipse.wst.sse.ui.infopop - 1.0.300.v201309112106
2017-05-17 15:32:08,618 - org.eclipse.wst.xml.ui.infopop - 1.0.400.v201309112106
2017-05-17 15:32:08,619 - org.eclipse.wst.sse.ui - 1.3.401.v201510130005
2017-05-17 15:32:08,619 - org.eclipse.wst.xml.ui - 1.1.501.v201501212057
2017-05-17 15:32:08,623 - org.eclipse.wst.xsd.ui - 1.2.510.v201511240257
2017-05-17 15:32:08,628 - org.eclipse.datatools.doc.user - 1.7.0.20090521092446
2017-05-17 15:32:08,630 - org.eclipse.datatools.oda.cshelp - 1.1.2.v201309200751
2017-05-17 15:32:08,630 - org.eclipse.datatools.help - 1.5.0.v200906020553
2017-05-17 15:32:08,635 - org.eclipse.emf - 2.6.0.v20160208-0841
2017-05-17 15:32:08,641 - org.eclipse.epp.package.jee - 4.5.2.20160218-0600
2017-05-17 15:32:08,642 - org.eclipse.wtp.epp.package.jee.intro - 1.3.0.v201006142040
2017-05-17 15:32:08,644 - org.eclipse.wtp.javascript.capabilities - 1.0.100.v201005102000
2017-05-17 15:32:08,645 - org.eclipse.wtp.jee.capabilities - 1.0.100.v201005102000
2017-05-17 15:32:08,647 - org.eclipse.wtp.web.capabilities - 1.0.100.v201005102000
2017-05-17 15:32:08,648 - org.eclipse.wtp.xml.capabilities - 1.0.100.v201005102000
2017-05-17 15:32:08,650 - org.eclipse.wtp.epp.package.capabilities - 1.3.0.v201005102000
2017-05-17 15:32:08,655 - org.eclipse.draw2d - 3.10.1.201508170204
2017-05-17 15:32:08,660 - org.eclipse.andmore.gldebugger - 0.5.0.201605181018
2017-05-17 15:32:08,667 - org.eclipse.epp.mpc.core - 1.4.2.v20160210-1948
2017-05-17 15:32:08,667 - org.eclipse.epp.mpc.ui - 1.4.2.v20160210-2005
2017-05-17 15:32:08,669 - org.eclipse.epp.mpc.help.ui - 1.4.2.v20160120-1701
2017-05-17 15:32:08,669 - org.apache.httpcomponents.httpclient - 4.3.6.v201411290715
2017-05-17 15:32:08,669 - org.apache.httpcomponents.httpcore - 4.3.3.v201411290715
2017-05-17 15:32:08,676 - org.eclipse.dstore.core - 3.4.0.201501311530
2017-05-17 15:32:08,677 - org.eclipse.dstore.extra - 2.1.400.201403100950
2017-05-17 15:32:08,679 - org.eclipse.rse.connectorservice.dstore - 3.1.301.201403100950
2017-05-17 15:32:08,679 - org.eclipse.rse.services.dstore - 3.3.0.201406041609
2017-05-17 15:32:08,682 - org.eclipse.rse.subsystems.files.dstore - 2.1.300.201403100950
2017-05-17 15:32:08,685 - org.eclipse.rse.subsystems.processes.dstore - 2.1.400.201403100950
2017-05-17 15:32:08,687 - org.eclipse.rse.subsystems.shells.dstore - 2.1.400.201403100950
2017-05-17 15:32:08,689 - org.eclipse.rse.dstore.security - 3.0.400.201403100950
2017-05-17 15:32:08,694 - org.eclipse.cdt.gdb - 7.0.0.201602051005
2017-05-17 15:32:08,695 - org.eclipse.cdt.gdb.ui - 7.0.0.201602051005
2017-05-17 15:32:08,731 - org.eclipse.pde - 3.11.2.v20160212-1500
2017-05-17 15:32:08,734 - org.eclipse.pde.build - 3.9.100.v20150521-1524
2017-05-17 15:32:08,736 - org.eclipse.pde.core - 3.10.102.v20160128-0556
2017-05-17 15:32:08,737 - org.eclipse.pde.junit.runtime - 3.4.500.v20150423-1241
2017-05-17 15:32:08,739 - org.eclipse.pde.runtime - 3.4.500.v20150423-1241
2017-05-17 15:32:08,742 - org.eclipse.pde.ui - 3.8.202.v20160128-0556
2017-05-17 15:32:08,744 - org.eclipse.pde.doc.user - 3.11.2.v20160203-1325
2017-05-17 15:32:08,747 - org.eclipse.pde.ui.templates - 3.5.0.v20150818-1511
2017-05-17 15:32:08,748 - org.eclipse.ui.views.log - 1.0.600.v20150513-1840
2017-05-17 15:32:08,749 - org.objectweb.asm - 5.0.1.v201404251740
2017-05-17 15:32:08,751 - org.objectweb.asm.tree - 5.0.1.v201404251740
2017-05-17 15:32:08,753 - org.eclipse.pde.api.tools - 1.0.701.v20150831-1041
2017-05-17 15:32:08,754 - org.eclipse.pde.api.tools.annotations - 1.0.0.v20140602-1527
2017-05-17 15:32:08,756 - org.eclipse.pde.api.tools.ui - 1.0.600.v20150831-0659
2017-05-17 15:32:08,759 - org.eclipse.pde.ds.core - 1.0.400.v20150423-1241
2017-05-17 15:32:08,761 - org.eclipse.pde.ds.ui - 1.0.400.v20150506-1709
2017-05-17 15:32:08,763 - org.eclipse.pde.launching - 3.6.301.v20160128-0556
2017-05-17 15:32:08,765 - org.eclipse.pde.ua.core - 1.0.400.v20150220-1252
2017-05-17 15:32:08,767 - org.eclipse.pde.ua.ui - 1.0.400.v20150513-1136
2017-05-17 15:32:08,769 - org.eclipse.ui.trace - 1.0.300.v20150220-1252
2017-05-17 15:32:08,777 - net.sourceforge.lpg.lpgjavaruntime - 1.1.0.v201004271650
2017-05-17 15:32:08,779 - org.eclipse.datatools.sqltools.parsers.sql.lexer - 1.0.1.v201107221520
2017-05-17 15:32:08,781 - org.eclipse.datatools.sqltools.parsers.sql.query - 1.2.1.v201201250511
2017-05-17 15:32:08,783 - org.eclipse.datatools.sqltools.parsers.sql.xml.query - 1.0.0.v201107221520
2017-05-17 15:32:08,784 - org.eclipse.datatools.sqltools.parsers.sql - 1.0.2.v201107221520
2017-05-17 15:32:08,791 - org.eclipse.mylyn.java.ui - 3.18.0.v20151013-1847
2017-05-17 15:32:08,793 - org.eclipse.mylyn.java.tasks - 3.18.0.v20151013-1847
2017-05-17 15:32:08,793 - org.eclipse.mylyn.ide.ui - 3.18.0.v20151013-1847
2017-05-17 15:32:08,795 - org.eclipse.mylyn.ide.ant - 3.18.0.v20151013-1847
2017-05-17 15:32:08,797 - org.eclipse.mylyn.debug.ui - 3.18.0.v20151013-1847
2017-05-17 15:32:08,803 - org.eclipse.m2e.wtp.jaxrs - 1.2.1.20150819-2220
2017-05-17 15:32:08,809 - org.eclipse.datatools.sqltools.sql - 1.0.1.v201110050515
2017-05-17 15:32:08,809 - org.eclipse.datatools.sqltools.common.ui - 1.0.1.v201212120623
2017-05-17 15:32:08,809 - org.eclipse.datatools.sqltools.plan - 1.0.0.v201107221520
2017-05-17 15:32:08,810 - org.eclipse.datatools.sqltools.editor.core - 1.0.3.v201212120623
2017-05-17 15:32:08,810 - org.eclipse.datatools.sqltools.sqleditor - 1.0.4.v201212120623
2017-05-17 15:32:08,810 - org.eclipse.datatools.sqltools.ddlgen.ui - 1.0.3.v201211200616
2017-05-17 15:32:08,810 - org.eclipse.datatools.connectivity.db.generic - 1.0.1.v201107221459
2017-05-17 15:32:08,810 - org.eclipse.datatools.sqltools.editor.core.ui - 1.0.0.v201001150815
2017-05-17 15:32:08,810 - org.eclipse.datatools.sqltools.sql.ui - 1.0.1.v201201270735
2017-05-17 15:32:08,819 - org.eclipse.mylyn.commons.repositories.core - 1.10.0.v20151009-1724
2017-05-17 15:32:08,821 - org.eclipse.mylyn.commons.repositories.ui - 1.10.0.v20151116-1930
2017-05-17 15:32:08,826 - org.eclipse.andmore.android.common - 0.5.0.201605181018
2017-05-17 15:32:08,859 - org.eclipse.andmore.android.codeutils - 0.5.0.201605181018
2017-05-17 15:32:08,861 - org.eclipse.andmore.android.translation - 0.5.0.201605181018
2017-05-17 15:32:08,864 - org.eclipse.andmore.android.codesnippets - 0.5.0.201605181018
2017-05-17 15:32:08,866 - org.eclipse.andmore.android.db.core - 0.5.0.201605181018
2017-05-17 15:32:08,866 - org.eclipse.andmore.android.logger - 0.5.0.201605181018
2017-05-17 15:32:08,869 - org.eclipse.andmore.android - 0.5.0.201605181018
2017-05-17 15:32:08,871 - org.eclipse.andmore.android.emulator - 0.5.0.201605181018
2017-05-17 15:32:08,873 - org.eclipse.andmore.android.launch - 0.5.0.201605181018
2017-05-17 15:32:08,875 - org.eclipse.andmore.android.packaging.ui - 0.5.0.201605181018
2017-05-17 15:32:08,876 - org.eclipse.andmore.android.handset - 0.5.0.201605181018
2017-05-17 15:32:08,878 - org.eclipse.andmore.android.remote - 0.5.0.201605181018
2017-05-17 15:32:08,879 - org.eclipse.andmore.android.win32.x86_64 - 0.5.0.201605181018
2017-05-17 15:32:08,880 - org.eclipse.andmore.android.mat - 0.5.0.201605181018
2017-05-17 15:32:08,884 - org.eclipse.andmore.android.devices.services - 0.5.0.201605181018
2017-05-17 15:32:08,886 - org.eclipse.andmore.android.db.devices - 0.5.0.201605181018
2017-05-17 15:32:08,888 - org.eclipse.andmore.android.installer - 0.5.0.201605181018
2017-05-17 15:32:08,890 - org.eclipse.andmore.android.logger.collector - 0.5.0.201605181018
2017-05-17 15:32:08,896 - org.apache.commons.net - 3.2.0.v201305141515
2017-05-17 15:32:08,896 - org.eclipse.rse.services.files.ftp - 3.0.500.201403100950
2017-05-17 15:32:08,899 - org.eclipse.rse.subsystems.files.ftp - 2.2.0.201403100950
2017-05-17 15:32:08,904 - org.eclipse.rse.useractions - 1.1.500.201403100950
2017-05-17 15:32:08,911 - org.eclipse.mylyn.monitor.core - 3.18.0.v20151009-1724
2017-05-17 15:32:08,912 - org.eclipse.mylyn.monitor.ui - 3.18.0.v20151009-1724
2017-05-17 15:32:08,919 - org.eclipse.tm.terminal.control - 4.0.0.201505221029
2017-05-17 15:32:08,924 - org.eclipse.sequoyah.vnc.vncviewer - 2.1.0.N20120718-0509
2017-05-17 15:32:08,935 - org.eclipse.emf.codegen.ecore.ui - 2.11.1.v20160208-0841
2017-05-17 15:32:08,940 - org.eclipse.emf.ecore.editor - 2.11.0.v20160208-0841
2017-05-17 15:32:08,946 - org.sonatype.m2e.mavenarchiver - 0.17.0.201502101659-signed-20150525172209
2017-05-17 15:32:08,951 - org.eclipse.mylyn.context.core - 3.18.0.v20151013-1847
2017-05-17 15:32:08,953 - org.eclipse.mylyn.context.ui - 3.18.0.v20151014-2324
2017-05-17 15:32:08,955 - org.eclipse.mylyn.resources.ui - 3.18.0.v20151013-1847
2017-05-17 15:32:08,956 - org.eclipse.mylyn.context.tasks.ui - 3.18.0.v20151013-1847
2017-05-17 15:32:08,990 - org.eclipse.datatools.enablement.oracle.dbdefinition - 1.0.103.v201206010214
2017-05-17 15:32:08,992 - org.eclipse.datatools.enablement.oracle - 1.0.0.v201107221506
2017-05-17 15:32:08,994 - org.eclipse.datatools.enablement.oracle.ui - 1.0.3.v201201131121
2017-05-17 15:32:08,994 - org.eclipse.datatools.enablement.finfo - 1.5.1.v200906161800
2017-05-17 15:32:09,000 - org.eclipse.emf.databinding - 1.3.0.v20160208-0841
2017-05-17 15:32:09,128 - org.eclipse.datatools.enablement.sap.maxdb.dbdefinition - 1.0.0.v201107221507
2017-05-17 15:32:09,130 - org.eclipse.datatools.enablement.sap.maxdb - 1.0.0.v201107221507
2017-05-17 15:32:09,132 - org.eclipse.datatools.enablement.sap.maxdb.ui - 1.0.0.v201107221507
2017-05-17 15:32:09,132 - org.eclipse.datatools.enablement.finfo - 1.5.1.v200906161800
2017-05-17 15:32:09,137 - java_cup.runtime - 0.10.0.v201005080400
2017-05-17 15:32:09,138 - org.apache.xerces - 2.9.0.v201101211617
2017-05-17 15:32:09,140 - org.eclipse.wst.xml.xpath2.processor - 2.1.101.v201409111854
2017-05-17 15:32:09,141 - org.eclipse.wst.xml.xpath2.wtptypes - 2.0.0.v201208081543
2017-05-17 15:32:09,142 - org.eclipse.wst.xml.xpath2 - 1.1.0.v201309251557
2017-05-17 15:32:09,143 - org.eclipse.wst.xml.xpath2.processor.doc.user - 2.0.0.v201209212251
2017-05-17 15:32:09,150 - org.eclipse.oomph.setup - 1.3.0.v20160213-0953
2017-05-17 15:32:09,152 - org.eclipse.oomph.setup.edit - 1.3.0.v20160213-0953
2017-05-17 15:32:09,152 - org.eclipse.oomph.setup.core - 1.3.0.v20160213-0953
2017-05-17 15:32:09,154 - org.eclipse.oomph.setup.sync - 1.3.0.v20160213-0953
2017-05-17 15:32:09,155 - org.eclipse.oomph.setup.p2 - 1.3.0.v20160213-0953
2017-05-17 15:32:09,406 - org.eclipse.oomph.setup.p2.edit - 1.3.0.v20160213-0953
2017-05-17 15:32:09,407 - org.eclipse.oomph.preferences - 1.3.0.v20160213-0953
2017-05-17 15:32:09,410 - org.eclipse.oomph.jreinfo - 1.3.0.v20160213-0953
2017-05-17 15:32:09,410 - org.eclipse.oomph.jreinfo.win32.x86_64 - 1.1.100.v20160213-0953
2017-05-17 15:32:09,412 - org.eclipse.oomph.extractor.lib - 1.1.0.v20160213-0953
2017-05-17 15:32:09,412 - org.apache.commons.logging - 1.1.1.v201101211721
2017-05-17 15:32:09,412 - org.apache.commons.codec - 1.6.0.v201305230611
2017-05-17 15:32:09,412 - org.apache.httpcomponents.httpclient - 4.3.6.v201411290715
2017-05-17 15:32:09,412 - org.apache.httpcomponents.httpcore - 4.3.3.v201411290715
2017-05-17 15:32:09,416 - org.eclipse.userstorage - 1.0.0.v20151212-0935
2017-05-17 15:32:09,419 - org.eclipse.userstorage.ui - 1.0.0.v20151216-0912
